<?xml version="1.0" encoding="UTF-8"?>
<!-- Generated by org.testng.reporters.JUnitReportReporter -->
<testsuite hostname="LAPTOP-CS6DC0SN" failures="0" tests="1" name="magento_Demo.Dropdown_Women_2" time="6.282" errors="0" timestamp="2024-06-15T08:43:40 IST" skipped="0">
  <testcase classname="magento_Demo.Dropdown_Women_2" name="Drop_down_Women" time="6.282"/>
  <system-out/>
</testsuite> <!-- magento_Demo.Dropdown_Women_2 -->
