<?xml version="1.0" encoding="UTF-8"?>
<!-- Generated by org.testng.reporters.JUnitReportReporter -->
<testsuite hostname="LAPTOP-CS6DC0SN" failures="0" tests="1" name="magento_Demo.DropdownAction_All" time="6.617" errors="0" timestamp="2024-06-13T09:28:56 IST" skipped="0">
  <testcase classname="magento_Demo.DropdownAction_All" name="Drop_down_Women" time="6.617"/>
  <system-out/>
</testsuite> <!-- magento_Demo.DropdownAction_All -->
