<?xml version="1.0" encoding="UTF-8"?>
<!-- Generated by org.testng.reporters.JUnitReportReporter -->
<testsuite hostname="LAPTOP-CS6DC0SN" failures="0" tests="5" name="magento_Demo.User_Sing_In" time="34.149" errors="0" timestamp="2024-06-15T08:57:18 IST" skipped="0">
  <testcase classname="magento_Demo.User_Sing_In" name="enterUrl" time="6.162"/>
  <system-out/>
  <testcase classname="magento_Demo.User_Sing_In" name="enterUrl" time="6.538"/>
  <system-out/>
  <testcase classname="magento_Demo.User_Sing_In" name="enterUrl" time="7.066"/>
  <system-out/>
  <testcase classname="magento_Demo.User_Sing_In" name="enterUrl" time="7.797"/>
  <system-out/>
  <testcase classname="magento_Demo.User_Sing_In" name="enterUrl" time="6.586"/>
  <system-out/>
</testsuite> <!-- magento_Demo.User_Sing_In -->
