<?xml version="1.0" encoding="UTF-8"?>
<!-- Generated by org.testng.reporters.JUnitReportReporter -->
<testsuite hostname="LAPTOP-CS6DC0SN" failures="0" tests="3" name="magento_Demo.User_Sign_Up" time="20.056" errors="0" timestamp="2024-06-15T08:43:40 IST" skipped="0">
  <testcase classname="magento_Demo.User_Sign_Up" name="enterUrl" time="7.633"/>
  <system-out/>
  <testcase classname="magento_Demo.User_Sign_Up" name="enterUrl" time="6.173"/>
  <system-out/>
  <testcase classname="magento_Demo.User_Sign_Up" name="enterUrl" time="6.250"/>
  <system-out/>
</testsuite> <!-- magento_Demo.User_Sign_Up -->
