<?xml version="1.0" encoding="UTF-8"?>
<!-- Generated by org.testng.reporters.JUnitReportReporter -->
<testsuite hostname="LAPTOP-CS6DC0SN" failures="0" tests="2" name="magento_Demo.Dropdown_Gear4" time="7.708" errors="0" timestamp="2024-06-15T09:23:47 IST" skipped="0">
  <testcase classname="magento_Demo.Dropdown_Gear4" name="Gear_add_cart" time="1.258"/>
  <system-out/>
  <testcase classname="magento_Demo.Dropdown_Gear4" name="Drop_down_Gear" time="6.450"/>
  <system-out/>
</testsuite> <!-- magento_Demo.Dropdown_Gear4 -->
