<?xml version="1.0" encoding="UTF-8"?>
<!-- Generated by org.testng.reporters.JUnitReportReporter -->
<testsuite hostname="LAPTOP-CS6DC0SN" failures="0" tests="1" name="magento_Demo.Select_Iteam_1NG" time="6.609" errors="1" timestamp="2024-06-15T08:43:40 IST" skipped="0">
  <testcase classname="magento_Demo.Select_Iteam_1NG" name="Select_Iteam_1NG1" time="6.609">
    <error message="javascript error: {&quot;status&quot;:60,&quot;value&quot;:&quot;https://magento.softwaretestingboard.com/hero-hoodie.html has no size and location&quot;}
  (Session info: chrome=125.0.6422.142)
Build info: version: &#039;4.19.1&#039;, revision: &#039;abe0ee07dc&#039;
System info: os.name: &#039;Windows 11&#039;, os.arch: &#039;amd64&#039;, os.version: &#039;10.0&#039;, java.version: &#039;21.0.1&#039;
Driver info: org.openqa.selenium.chrome.ChromeDriver
Command: [647440c4fafb19256496a074cf116943, actions {actions=[org.openqa.selenium.interactions.Sequence@4b5a078a]}]
Capabilities {acceptInsecureCerts: false, browserName: chrome, browserVersion: 125.0.6422.142, chrome: {chromedriverVersion: 125.0.6422.141 (4b1e8393712..., userDataDir: C:\Users\Madhuri\AppData\Lo...}, fedcm:accounts: true, goog:chromeOptions: {debuggerAddress: localhost:53546}, networkConnectionEnabled: false, pageLoadStrategy: normal, platformName: windows, proxy: Proxy(), se:cdp: ws://localhost:53546/devtoo..., se:cdpVersion: 125.0.6422.142, setWindowRect: true, strictFileInteractability: false, timeouts: {implicit: 0, pageLoad: 300000, script: 30000}, unhandledPromptBehavior: dismiss and notify, webauthn:extension:credBlob: true, webauthn:extension:largeBlob: true, webauthn:extension:minPinLength: true, webauthn:extension:prf: true, webauthn:virtualAuthenticators: true}
Session ID: 647440c4fafb19256496a074cf116943" type="org.openqa.selenium.JavascriptException">
      <![CDATA[org.openqa.selenium.JavascriptException: javascript error: {"status":60,"value":"https://magento.softwaretestingboard.com/hero-hoodie.html has no size and location"}
  (Session info: chrome=125.0.6422.142)
Build info: version: '4.19.1', revision: 'abe0ee07dc'
System info: os.name: 'Windows 11', os.arch: 'amd64', os.version: '10.0', java.version: '21.0.1'
Driver info: org.openqa.selenium.chrome.ChromeDriver
Command: [647440c4fafb19256496a074cf116943, actions {actions=[org.openqa.selenium.interactions.Sequence@4b5a078a]}]
Capabilities {acceptInsecureCerts: false, browserName: chrome, browserVersion: 125.0.6422.142, chrome: {chromedriverVersion: 125.0.6422.141 (4b1e8393712..., userDataDir: C:\Users\Madhuri\AppData\Lo...}, fedcm:accounts: true, goog:chromeOptions: {debuggerAddress: localhost:53546}, networkConnectionEnabled: false, pageLoadStrategy: normal, platformName: windows, proxy: Proxy(), se:cdp: ws://localhost:53546/devtoo..., se:cdpVersion: 125.0.6422.142, setWindowRect: true, strictFileInteractability: false, timeouts: {implicit: 0, pageLoad: 300000, script: 30000}, unhandledPromptBehavior: dismiss and notify, webauthn:extension:credBlob: true, webauthn:extension:largeBlob: true, webauthn:extension:minPinLength: true, webauthn:extension:prf: true, webauthn:virtualAuthenticators: true}
Session ID: 647440c4fafb19256496a074cf116943
at java.base/jdk.internal.reflect.DirectConstructorHandleAccessor.newInstance(DirectConstructorHandleAccessor.java:62)
at java.base/java.lang.reflect.Constructor.newInstanceWithCaller(Constructor.java:502)
at java.base/java.lang.reflect.Constructor.newInstance(Constructor.java:486)
at org.openqa.selenium.remote.ErrorCodec.decode(ErrorCodec.java:167)
at org.openqa.selenium.remote.codec.w3c.W3CHttpResponseCodec.decode(W3CHttpResponseCodec.java:138)
at org.openqa.selenium.remote.codec.w3c.W3CHttpResponseCodec.decode(W3CHttpResponseCodec.java:50)
at org.openqa.selenium.remote.HttpCommandExecutor.execute(HttpCommandExecutor.java:190)
at org.openqa.selenium.remote.service.DriverCommandExecutor.invokeExecute(DriverCommandExecutor.java:216)
at org.openqa.selenium.remote.service.DriverCommandExecutor.execute(DriverCommandExecutor.java:174)
at org.openqa.selenium.remote.RemoteWebDriver.execute(RemoteWebDriver.java:518)
at org.openqa.selenium.remote.RemoteWebDriver.perform(RemoteWebDriver.java:604)
at org.openqa.selenium.interactions.Actions$BuiltAction.perform(Actions.java:603)
at magento_Demo.Select_Iteam_1NG.Select_Iteam_1NG1(Select_Iteam_1NG.java:39)
at java.base/jdk.internal.reflect.DirectMethodHandleAccessor.invoke(DirectMethodHandleAccessor.java:103)
at java.base/java.lang.reflect.Method.invoke(Method.java:580)
at org.testng.internal.MethodInvocationHelper.invokeMethod(MethodInvocationHelper.java:133)
at org.testng.internal.TestInvoker.invokeMethod(TestInvoker.java:598)
at org.testng.internal.TestInvoker.invokeTestMethod(TestInvoker.java:173)
at org.testng.internal.MethodRunner.runInSequence(MethodRunner.java:46)
at org.testng.internal.TestInvoker$MethodInvocationAgent.invoke(TestInvoker.java:824)
at org.testng.internal.TestInvoker.invokeTestMethods(TestInvoker.java:146)
at org.testng.internal.TestMethodWorker.invokeTestMethods(TestMethodWorker.java:146)
at org.testng.internal.TestMethodWorker.run(TestMethodWorker.java:128)
at java.base/java.util.ArrayList.forEach(ArrayList.java:1596)
at org.testng.TestRunner.privateRun(TestRunner.java:794)
at org.testng.TestRunner.run(TestRunner.java:596)
at org.testng.SuiteRunner.runTest(SuiteRunner.java:377)
at org.testng.SuiteRunner.runSequentially(SuiteRunner.java:371)
at org.testng.SuiteRunner.privateRun(SuiteRunner.java:332)
at org.testng.SuiteRunner.run(SuiteRunner.java:276)
at org.testng.SuiteRunnerWorker.runSuite(SuiteRunnerWorker.java:53)
at org.testng.SuiteRunnerWorker.run(SuiteRunnerWorker.java:96)
at org.testng.TestNG.runSuitesSequentially(TestNG.java:1212)
at org.testng.TestNG.runSuitesLocally(TestNG.java:1134)
at org.testng.TestNG.runSuites(TestNG.java:1063)
at org.testng.TestNG.run(TestNG.java:1031)
at org.testng.remote.AbstractRemoteTestNG.run(AbstractRemoteTestNG.java:115)
at org.testng.remote.RemoteTestNG.initAndRun(RemoteTestNG.java:251)
at org.testng.remote.RemoteTestNG.main(RemoteTestNG.java:77)
]]>
    </error>
  </testcase> <!-- Select_Iteam_1NG1 -->
  <system-out/>
</testsuite> <!-- magento_Demo.Select_Iteam_1NG -->
