<?xml version="1.0" encoding="UTF-8"?>
<!-- Generated by org.testng.reporters.JUnitReportReporter -->
<testsuite hostname="LAPTOP-CS6DC0SN" failures="0" tests="1" name="magento_Demo.Dropdown_WhatNew1" time="6.607" errors="0" timestamp="2024-06-15T08:43:40 IST" skipped="0">
  <testcase classname="magento_Demo.Dropdown_WhatNew1" name="Drop_down_WhatsNew" time="6.607"/>
  <system-out/>
</testsuite> <!-- magento_Demo.Dropdown_WhatNew1 -->
