<?xml version="1.0" encoding="UTF-8"?>
<!-- Generated by org.testng.reporters.JUnitReportReporter -->
<testsuite hostname="LAPTOP-CS6DC0SN" failures="0" tests="1" name="magento_Demo.Dropdown_sale5" time="6.214" errors="0" timestamp="2024-06-15T07:36:34 IST" skipped="0">
  <testcase classname="magento_Demo.Dropdown_sale5" name="Drop_down_Sale" time="6.214"/>
  <system-out/>
</testsuite> <!-- magento_Demo.Dropdown_sale5 -->
