<?xml version="1.0" encoding="UTF-8"?>
<!-- Generated by org.testng.reporters.JUnitReportReporter -->
<testsuite hostname="LAPTOP-CS6DC0SN" failures="0" tests="1" name="magento_Demo.Women_Select_1NG" time="8.022" errors="0" timestamp="2024-06-15T08:46:17 IST" skipped="0">
  <testcase classname="magento_Demo.Women_Select_1NG" name="Women_Iteam_1NG1" time="8.022"/>
  <system-out/>
</testsuite> <!-- magento_Demo.Women_Select_1NG -->
