<?xml version="1.0" encoding="UTF-8"?>
<!-- Generated by org.testng.reporters.JUnitReportReporter -->
<testsuite hostname="LAPTOP-CS6DC0SN" failures="0" tests="1" name="magento_Demo.MouseOverAction" time="12.850" errors="0" timestamp="2024-06-15T08:43:40 IST" skipped="0">
  <testcase classname="magento_Demo.MouseOverAction" name="Mose_hover" time="12.850"/>
  <system-out/>
</testsuite> <!-- magento_Demo.MouseOverAction -->
